2018-07-19 10:23:53.808 [restartedMain] [INFO ] cn.cout.pure.sframe.SframeApplication - Starting SframeApplication on DESKTOP-MREN2FQ with PID 6564 (D:\test\java\sframe\target\classes started by EDZ in D:\test\java\sframe)
2018-07-19 10:23:53.810 [restartedMain] [INFO ] cn.cout.pure.sframe.SframeApplication - No active profile set, falling back to default profiles: default
2018-07-19 10:23:53.847 [restartedMain] [INFO ] o.s.b.w.s.c.AnnotationConfigServletWebServerApplicationContext - Refreshing org.springframework.boot.web.servlet.context.AnnotationConfigServletWebServerApplicationContext@609b1b5d: startup date [Thu Jul 19 10:23:53 CST 2018]; root of context hierarchy
2018-07-19 10:23:54.700 [restartedMain] [INFO ] o.s.boot.web.embedded.tomcat.TomcatWebServer - Tomcat initialized with port(s): 8086 (http)
2018-07-19 10:23:54.715 [restartedMain] [INFO ] org.apache.coyote.http11.Http11NioProtocol - Initializing ProtocolHandler ["http-nio-8086"]
2018-07-19 10:23:54.722 [restartedMain] [INFO ] org.apache.catalina.core.StandardService - Starting service [Tomcat]
2018-07-19 10:23:54.722 [restartedMain] [INFO ] org.apache.catalina.core.StandardEngine - Starting Servlet Engine: Apache Tomcat/8.5.31
2018-07-19 10:23:54.725 [localhost-startStop-1] [INFO ] org.apache.catalina.core.AprLifecycleListener - Loaded APR based Apache Tomcat Native library [1.2.16] using APR version [1.6.3].
2018-07-19 10:23:54.725 [localhost-startStop-1] [INFO ] org.apache.catalina.core.AprLifecycleListener - APR capabilities: IPv6 [true], sendfile [true], accept filters [false], random [true].
2018-07-19 10:23:54.725 [localhost-startStop-1] [INFO ] org.apache.catalina.core.AprLifecycleListener - APR/OpenSSL configuration: useAprConnector [false], useOpenSSL [true]
2018-07-19 10:23:55.744 [localhost-startStop-1] [INFO ] org.apache.catalina.core.AprLifecycleListener - OpenSSL successfully initialized [OpenSSL 1.0.2m  2 Nov 2017]
2018-07-19 10:23:55.803 [localhost-startStop-1] [INFO ] o.a.c.core.ContainerBase.[Tomcat].[localhost].[/] - Initializing Spring embedded WebApplicationContext
2018-07-19 10:23:55.803 [localhost-startStop-1] [INFO ] org.springframework.web.context.ContextLoader - Root WebApplicationContext: initialization completed in 1956 ms
2018-07-19 10:23:55.918 [localhost-startStop-1] [INFO ] o.s.boot.web.servlet.ServletRegistrationBean - Servlet dispatcherServlet mapped to [/]
2018-07-19 10:23:55.919 [localhost-startStop-1] [INFO ] o.s.boot.web.servlet.ServletRegistrationBean - Servlet cn.cout.pure.sframe.interceptor.DruidStatViewServlet mapped to [/druid/*]
2018-07-19 10:23:55.921 [localhost-startStop-1] [INFO ] o.s.boot.web.servlet.FilterRegistrationBean - Mapping filter: 'characterEncodingFilter' to: [/*]
2018-07-19 10:23:55.921 [localhost-startStop-1] [INFO ] o.s.boot.web.servlet.FilterRegistrationBean - Mapping filter: 'hiddenHttpMethodFilter' to: [/*]
2018-07-19 10:23:55.921 [localhost-startStop-1] [INFO ] o.s.boot.web.servlet.FilterRegistrationBean - Mapping filter: 'httpPutFormContentFilter' to: [/*]
2018-07-19 10:23:55.922 [localhost-startStop-1] [INFO ] o.s.boot.web.servlet.FilterRegistrationBean - Mapping filter: 'requestContextFilter' to: [/*]
2018-07-19 10:23:55.922 [localhost-startStop-1] [INFO ] o.s.boot.web.servlet.FilterRegistrationBean - Mapping filter: 'druidWebStatFilter' to urls: [/*]
2018-07-19 10:23:56.014 [restartedMain] [INFO ] o.s.web.servlet.handler.SimpleUrlHandlerMapping - Mapped URL path [/**/favicon.ico] onto handler of type [class org.springframework.web.servlet.resource.ResourceHttpRequestHandler]
2018-07-19 10:23:56.174 [restartedMain] [INFO ] o.s.w.s.m.m.a.RequestMappingHandlerAdapter - Looking for @ControllerAdvice: org.springframework.boot.web.servlet.context.AnnotationConfigServletWebServerApplicationContext@609b1b5d: startup date [Thu Jul 19 10:23:53 CST 2018]; root of context hierarchy
2018-07-19 10:23:56.228 [restartedMain] [INFO ] o.s.w.s.m.m.a.RequestMappingHandlerMapping - Mapped "{[/hello]}" onto public java.lang.String cn.cout.pure.sframe.controller.HelloController.hello()
2018-07-19 10:23:56.232 [restartedMain] [INFO ] o.s.w.s.m.m.a.RequestMappingHandlerMapping - Mapped "{[/error]}" onto public org.springframework.http.ResponseEntity<java.util.Map<java.lang.String, java.lang.Object>> org.springframework.boot.autoconfigure.web.servlet.error.BasicErrorController.error(javax.servlet.http.HttpServletRequest)
2018-07-19 10:23:56.232 [restartedMain] [INFO ] o.s.w.s.m.m.a.RequestMappingHandlerMapping - Mapped "{[/error],produces=[text/html]}" onto public org.springframework.web.servlet.ModelAndView org.springframework.boot.autoconfigure.web.servlet.error.BasicErrorController.errorHtml(javax.servlet.http.HttpServletRequest,javax.servlet.http.HttpServletResponse)
2018-07-19 10:23:56.253 [restartedMain] [INFO ] o.s.web.servlet.handler.SimpleUrlHandlerMapping - Mapped URL path [/webjars/**] onto handler of type [class org.springframework.web.servlet.resource.ResourceHttpRequestHandler]
2018-07-19 10:23:56.253 [restartedMain] [INFO ] o.s.web.servlet.handler.SimpleUrlHandlerMapping - Mapped URL path [/**] onto handler of type [class org.springframework.web.servlet.resource.ResourceHttpRequestHandler]
2018-07-19 10:23:56.372 [restartedMain] [INFO ] o.s.b.d.autoconfigure.OptionalLiveReloadServer - LiveReload server is running on port 35729
2018-07-19 10:23:56.391 [restartedMain] [INFO ] o.s.jmx.export.annotation.AnnotationMBeanExporter - Registering beans for JMX exposure on startup
2018-07-19 10:23:56.401 [restartedMain] [INFO ] org.apache.coyote.http11.Http11NioProtocol - Starting ProtocolHandler ["http-nio-8086"]
2018-07-19 10:23:56.407 [restartedMain] [INFO ] org.apache.tomcat.util.net.NioSelectorPool - Using a shared selector for servlet write/read
2018-07-19 10:23:56.417 [restartedMain] [INFO ] o.s.boot.web.embedded.tomcat.TomcatWebServer - Tomcat started on port(s): 8086 (http) with context path ''
2018-07-19 10:23:56.421 [restartedMain] [INFO ] cn.cout.pure.sframe.SframeApplication - Started SframeApplication in 2.842 seconds (JVM running for 3.671)
2018-07-19 10:24:18.907 [restartedMain] [INFO ] cn.cout.pure.sframe.SframeApplication - Starting SframeApplication on DESKTOP-MREN2FQ with PID 17548 (D:\test\java\sframe\target\classes started by EDZ in D:\test\java\sframe)
2018-07-19 10:24:18.909 [restartedMain] [INFO ] cn.cout.pure.sframe.SframeApplication - No active profile set, falling back to default profiles: default
2018-07-19 10:24:18.947 [restartedMain] [INFO ] o.s.b.w.s.c.AnnotationConfigServletWebServerApplicationContext - Refreshing org.springframework.boot.web.servlet.context.AnnotationConfigServletWebServerApplicationContext@36124d17: startup date [Thu Jul 19 10:24:18 CST 2018]; root of context hierarchy
2018-07-19 10:24:19.791 [restartedMain] [INFO ] o.s.boot.web.embedded.tomcat.TomcatWebServer - Tomcat initialized with port(s): 8086 (http)
2018-07-19 10:24:19.803 [restartedMain] [INFO ] org.apache.coyote.http11.Http11NioProtocol - Initializing ProtocolHandler ["http-nio-8086"]
2018-07-19 10:24:19.809 [restartedMain] [INFO ] org.apache.catalina.core.StandardService - Starting service [Tomcat]
2018-07-19 10:24:19.809 [restartedMain] [INFO ] org.apache.catalina.core.StandardEngine - Starting Servlet Engine: Apache Tomcat/8.5.31
2018-07-19 10:24:19.812 [localhost-startStop-1] [INFO ] org.apache.catalina.core.AprLifecycleListener - Loaded APR based Apache Tomcat Native library [1.2.16] using APR version [1.6.3].
2018-07-19 10:24:19.812 [localhost-startStop-1] [INFO ] org.apache.catalina.core.AprLifecycleListener - APR capabilities: IPv6 [true], sendfile [true], accept filters [false], random [true].
2018-07-19 10:24:19.812 [localhost-startStop-1] [INFO ] org.apache.catalina.core.AprLifecycleListener - APR/OpenSSL configuration: useAprConnector [false], useOpenSSL [true]
2018-07-19 10:24:20.840 [localhost-startStop-1] [INFO ] org.apache.catalina.core.AprLifecycleListener - OpenSSL successfully initialized [OpenSSL 1.0.2m  2 Nov 2017]
2018-07-19 10:24:20.904 [localhost-startStop-1] [INFO ] o.a.c.core.ContainerBase.[Tomcat].[localhost].[/] - Initializing Spring embedded WebApplicationContext
2018-07-19 10:24:20.904 [localhost-startStop-1] [INFO ] org.springframework.web.context.ContextLoader - Root WebApplicationContext: initialization completed in 1957 ms
2018-07-19 10:24:21.020 [localhost-startStop-1] [INFO ] o.s.boot.web.servlet.ServletRegistrationBean - Servlet dispatcherServlet mapped to [/]
2018-07-19 10:24:21.021 [localhost-startStop-1] [INFO ] o.s.boot.web.servlet.ServletRegistrationBean - Servlet cn.cout.pure.sframe.interceptor.DruidStatViewServlet mapped to [/druid/*]
2018-07-19 10:24:21.023 [localhost-startStop-1] [INFO ] o.s.boot.web.servlet.FilterRegistrationBean - Mapping filter: 'characterEncodingFilter' to: [/*]
2018-07-19 10:24:21.023 [localhost-startStop-1] [INFO ] o.s.boot.web.servlet.FilterRegistrationBean - Mapping filter: 'hiddenHttpMethodFilter' to: [/*]
2018-07-19 10:24:21.024 [localhost-startStop-1] [INFO ] o.s.boot.web.servlet.FilterRegistrationBean - Mapping filter: 'httpPutFormContentFilter' to: [/*]
2018-07-19 10:24:21.024 [localhost-startStop-1] [INFO ] o.s.boot.web.servlet.FilterRegistrationBean - Mapping filter: 'requestContextFilter' to: [/*]
2018-07-19 10:24:21.024 [localhost-startStop-1] [INFO ] o.s.boot.web.servlet.FilterRegistrationBean - Mapping filter: 'druidWebStatFilter' to urls: [/*]
2018-07-19 10:24:21.116 [restartedMain] [INFO ] o.s.web.servlet.handler.SimpleUrlHandlerMapping - Mapped URL path [/**/favicon.ico] onto handler of type [class org.springframework.web.servlet.resource.ResourceHttpRequestHandler]
2018-07-19 10:24:21.277 [restartedMain] [INFO ] o.s.w.s.m.m.a.RequestMappingHandlerAdapter - Looking for @ControllerAdvice: org.springframework.boot.web.servlet.context.AnnotationConfigServletWebServerApplicationContext@36124d17: startup date [Thu Jul 19 10:24:18 CST 2018]; root of context hierarchy
2018-07-19 10:24:21.331 [restartedMain] [INFO ] o.s.w.s.m.m.a.RequestMappingHandlerMapping - Mapped "{[/hello]}" onto public java.lang.String cn.cout.pure.sframe.controller.HelloController.hello()
2018-07-19 10:24:21.335 [restartedMain] [INFO ] o.s.w.s.m.m.a.RequestMappingHandlerMapping - Mapped "{[/error]}" onto public org.springframework.http.ResponseEntity<java.util.Map<java.lang.String, java.lang.Object>> org.springframework.boot.autoconfigure.web.servlet.error.BasicErrorController.error(javax.servlet.http.HttpServletRequest)
2018-07-19 10:24:21.336 [restartedMain] [INFO ] o.s.w.s.m.m.a.RequestMappingHandlerMapping - Mapped "{[/error],produces=[text/html]}" onto public org.springframework.web.servlet.ModelAndView org.springframework.boot.autoconfigure.web.servlet.error.BasicErrorController.errorHtml(javax.servlet.http.HttpServletRequest,javax.servlet.http.HttpServletResponse)
2018-07-19 10:24:21.356 [restartedMain] [INFO ] o.s.web.servlet.handler.SimpleUrlHandlerMapping - Mapped URL path [/webjars/**] onto handler of type [class org.springframework.web.servlet.resource.ResourceHttpRequestHandler]
2018-07-19 10:24:21.356 [restartedMain] [INFO ] o.s.web.servlet.handler.SimpleUrlHandlerMapping - Mapped URL path [/**] onto handler of type [class org.springframework.web.servlet.resource.ResourceHttpRequestHandler]
2018-07-19 10:24:21.475 [restartedMain] [INFO ] o.s.b.d.autoconfigure.OptionalLiveReloadServer - LiveReload server is running on port 35729
2018-07-19 10:24:21.494 [restartedMain] [INFO ] o.s.jmx.export.annotation.AnnotationMBeanExporter - Registering beans for JMX exposure on startup
2018-07-19 10:24:21.503 [restartedMain] [INFO ] org.apache.coyote.http11.Http11NioProtocol - Starting ProtocolHandler ["http-nio-8086"]
2018-07-19 10:24:21.510 [restartedMain] [INFO ] org.apache.tomcat.util.net.NioSelectorPool - Using a shared selector for servlet write/read
2018-07-19 10:24:21.520 [restartedMain] [INFO ] o.s.boot.web.embedded.tomcat.TomcatWebServer - Tomcat started on port(s): 8086 (http) with context path ''
2018-07-19 10:24:21.523 [restartedMain] [INFO ] cn.cout.pure.sframe.SframeApplication - Started SframeApplication in 2.842 seconds (JVM running for 3.66)
2018-07-19 10:25:12.837 [restartedMain] [INFO ] cn.cout.pure.sframe.SframeApplication - Starting SframeApplication on DESKTOP-MREN2FQ with PID 7504 (D:\test\java\sframe\target\classes started by EDZ in D:\test\java\sframe)
2018-07-19 10:25:12.839 [restartedMain] [INFO ] cn.cout.pure.sframe.SframeApplication - No active profile set, falling back to default profiles: default
2018-07-19 10:25:12.876 [restartedMain] [INFO ] o.s.b.w.s.c.AnnotationConfigServletWebServerApplicationContext - Refreshing org.springframework.boot.web.servlet.context.AnnotationConfigServletWebServerApplicationContext@24eaec87: startup date [Thu Jul 19 10:25:12 CST 2018]; root of context hierarchy
2018-07-19 10:25:13.721 [restartedMain] [INFO ] o.s.boot.web.embedded.tomcat.TomcatWebServer - Tomcat initialized with port(s): 8086 (http)
2018-07-19 10:25:13.733 [restartedMain] [INFO ] org.apache.coyote.http11.Http11NioProtocol - Initializing ProtocolHandler ["http-nio-8086"]
2018-07-19 10:25:13.739 [restartedMain] [INFO ] org.apache.catalina.core.StandardService - Starting service [Tomcat]
2018-07-19 10:25:13.740 [restartedMain] [INFO ] org.apache.catalina.core.StandardEngine - Starting Servlet Engine: Apache Tomcat/8.5.31
2018-07-19 10:25:13.743 [localhost-startStop-1] [INFO ] org.apache.catalina.core.AprLifecycleListener - Loaded APR based Apache Tomcat Native library [1.2.16] using APR version [1.6.3].
2018-07-19 10:25:13.743 [localhost-startStop-1] [INFO ] org.apache.catalina.core.AprLifecycleListener - APR capabilities: IPv6 [true], sendfile [true], accept filters [false], random [true].
2018-07-19 10:25:13.743 [localhost-startStop-1] [INFO ] org.apache.catalina.core.AprLifecycleListener - APR/OpenSSL configuration: useAprConnector [false], useOpenSSL [true]
2018-07-19 10:25:14.772 [localhost-startStop-1] [INFO ] org.apache.catalina.core.AprLifecycleListener - OpenSSL successfully initialized [OpenSSL 1.0.2m  2 Nov 2017]
2018-07-19 10:25:14.833 [localhost-startStop-1] [INFO ] o.a.c.core.ContainerBase.[Tomcat].[localhost].[/] - Initializing Spring embedded WebApplicationContext
2018-07-19 10:25:14.833 [localhost-startStop-1] [INFO ] org.springframework.web.context.ContextLoader - Root WebApplicationContext: initialization completed in 1957 ms
2018-07-19 10:25:14.951 [localhost-startStop-1] [INFO ] o.s.boot.web.servlet.ServletRegistrationBean - Servlet dispatcherServlet mapped to [/]
2018-07-19 10:25:14.952 [localhost-startStop-1] [INFO ] o.s.boot.web.servlet.ServletRegistrationBean - Servlet cn.cout.pure.sframe.interceptor.DruidStatViewServlet mapped to [/druid/*]
2018-07-19 10:25:14.954 [localhost-startStop-1] [INFO ] o.s.boot.web.servlet.FilterRegistrationBean - Mapping filter: 'characterEncodingFilter' to: [/*]
2018-07-19 10:25:14.955 [localhost-startStop-1] [INFO ] o.s.boot.web.servlet.FilterRegistrationBean - Mapping filter: 'hiddenHttpMethodFilter' to: [/*]
2018-07-19 10:25:14.955 [localhost-startStop-1] [INFO ] o.s.boot.web.servlet.FilterRegistrationBean - Mapping filter: 'httpPutFormContentFilter' to: [/*]
2018-07-19 10:25:14.955 [localhost-startStop-1] [INFO ] o.s.boot.web.servlet.FilterRegistrationBean - Mapping filter: 'requestContextFilter' to: [/*]
2018-07-19 10:25:14.955 [localhost-startStop-1] [INFO ] o.s.boot.web.servlet.FilterRegistrationBean - Mapping filter: 'druidWebStatFilter' to urls: [/*]
2018-07-19 10:25:15.049 [restartedMain] [INFO ] o.s.web.servlet.handler.SimpleUrlHandlerMapping - Mapped URL path [/**/favicon.ico] onto handler of type [class org.springframework.web.servlet.resource.ResourceHttpRequestHandler]
2018-07-19 10:25:15.206 [restartedMain] [INFO ] o.s.w.s.m.m.a.RequestMappingHandlerAdapter - Looking for @ControllerAdvice: org.springframework.boot.web.servlet.context.AnnotationConfigServletWebServerApplicationContext@24eaec87: startup date [Thu Jul 19 10:25:12 CST 2018]; root of context hierarchy
2018-07-19 10:25:15.259 [restartedMain] [INFO ] o.s.w.s.m.m.a.RequestMappingHandlerMapping - Mapped "{[/hello]}" onto public java.lang.String cn.cout.pure.sframe.controller.HelloController.hello()
2018-07-19 10:25:15.263 [restartedMain] [INFO ] o.s.w.s.m.m.a.RequestMappingHandlerMapping - Mapped "{[/error]}" onto public org.springframework.http.ResponseEntity<java.util.Map<java.lang.String, java.lang.Object>> org.springframework.boot.autoconfigure.web.servlet.error.BasicErrorController.error(javax.servlet.http.HttpServletRequest)
2018-07-19 10:25:15.264 [restartedMain] [INFO ] o.s.w.s.m.m.a.RequestMappingHandlerMapping - Mapped "{[/error],produces=[text/html]}" onto public org.springframework.web.servlet.ModelAndView org.springframework.boot.autoconfigure.web.servlet.error.BasicErrorController.errorHtml(javax.servlet.http.HttpServletRequest,javax.servlet.http.HttpServletResponse)
2018-07-19 10:25:15.285 [restartedMain] [INFO ] o.s.web.servlet.handler.SimpleUrlHandlerMapping - Mapped URL path [/webjars/**] onto handler of type [class org.springframework.web.servlet.resource.ResourceHttpRequestHandler]
2018-07-19 10:25:15.285 [restartedMain] [INFO ] o.s.web.servlet.handler.SimpleUrlHandlerMapping - Mapped URL path [/**] onto handler of type [class org.springframework.web.servlet.resource.ResourceHttpRequestHandler]
2018-07-19 10:25:15.405 [restartedMain] [INFO ] o.s.b.d.autoconfigure.OptionalLiveReloadServer - LiveReload server is running on port 35729
2018-07-19 10:25:15.424 [restartedMain] [INFO ] o.s.jmx.export.annotation.AnnotationMBeanExporter - Registering beans for JMX exposure on startup
2018-07-19 10:25:15.433 [restartedMain] [INFO ] org.apache.coyote.http11.Http11NioProtocol - Starting ProtocolHandler ["http-nio-8086"]
2018-07-19 10:25:15.440 [restartedMain] [INFO ] org.apache.tomcat.util.net.NioSelectorPool - Using a shared selector for servlet write/read
2018-07-19 10:25:15.449 [restartedMain] [INFO ] o.s.boot.web.embedded.tomcat.TomcatWebServer - Tomcat started on port(s): 8086 (http) with context path ''
2018-07-19 10:25:15.453 [restartedMain] [INFO ] cn.cout.pure.sframe.SframeApplication - Started SframeApplication in 2.856 seconds (JVM running for 3.665)
2018-07-19 10:25:40.795 [restartedMain] [INFO ] cn.cout.pure.sframe.SframeApplication - Starting SframeApplication on DESKTOP-MREN2FQ with PID 14344 (D:\test\java\sframe\target\classes started by EDZ in D:\test\java\sframe)
2018-07-19 10:25:40.797 [restartedMain] [INFO ] cn.cout.pure.sframe.SframeApplication - No active profile set, falling back to default profiles: default
2018-07-19 10:25:40.836 [restartedMain] [INFO ] o.s.b.w.s.c.AnnotationConfigServletWebServerApplicationContext - Refreshing org.springframework.boot.web.servlet.context.AnnotationConfigServletWebServerApplicationContext@917a57d: startup date [Thu Jul 19 10:25:40 CST 2018]; root of context hierarchy
2018-07-19 10:25:41.692 [restartedMain] [INFO ] o.s.boot.web.embedded.tomcat.TomcatWebServer - Tomcat initialized with port(s): 8086 (http)
2018-07-19 10:25:41.703 [restartedMain] [INFO ] org.apache.coyote.http11.Http11NioProtocol - Initializing ProtocolHandler ["http-nio-8086"]
2018-07-19 10:25:41.709 [restartedMain] [INFO ] org.apache.catalina.core.StandardService - Starting service [Tomcat]
2018-07-19 10:25:41.710 [restartedMain] [INFO ] org.apache.catalina.core.StandardEngine - Starting Servlet Engine: Apache Tomcat/8.5.31
2018-07-19 10:25:41.713 [localhost-startStop-1] [INFO ] org.apache.catalina.core.AprLifecycleListener - Loaded APR based Apache Tomcat Native library [1.2.16] using APR version [1.6.3].
2018-07-19 10:25:41.713 [localhost-startStop-1] [INFO ] org.apache.catalina.core.AprLifecycleListener - APR capabilities: IPv6 [true], sendfile [true], accept filters [false], random [true].
2018-07-19 10:25:41.713 [localhost-startStop-1] [INFO ] org.apache.catalina.core.AprLifecycleListener - APR/OpenSSL configuration: useAprConnector [false], useOpenSSL [true]
2018-07-19 10:25:42.742 [localhost-startStop-1] [INFO ] org.apache.catalina.core.AprLifecycleListener - OpenSSL successfully initialized [OpenSSL 1.0.2m  2 Nov 2017]
2018-07-19 10:25:42.817 [localhost-startStop-1] [INFO ] o.a.c.core.ContainerBase.[Tomcat].[localhost].[/] - Initializing Spring embedded WebApplicationContext
2018-07-19 10:25:42.817 [localhost-startStop-1] [INFO ] org.springframework.web.context.ContextLoader - Root WebApplicationContext: initialization completed in 1981 ms
2018-07-19 10:25:42.931 [localhost-startStop-1] [INFO ] o.s.boot.web.servlet.ServletRegistrationBean - Servlet dispatcherServlet mapped to [/]
2018-07-19 10:25:42.931 [localhost-startStop-1] [INFO ] o.s.boot.web.servlet.ServletRegistrationBean - Servlet cn.cout.pure.sframe.interceptor.DruidStatViewServlet mapped to [/druid/*]
2018-07-19 10:25:42.933 [localhost-startStop-1] [INFO ] o.s.boot.web.servlet.FilterRegistrationBean - Mapping filter: 'characterEncodingFilter' to: [/*]
2018-07-19 10:25:42.934 [localhost-startStop-1] [INFO ] o.s.boot.web.servlet.FilterRegistrationBean - Mapping filter: 'hiddenHttpMethodFilter' to: [/*]
2018-07-19 10:25:42.934 [localhost-startStop-1] [INFO ] o.s.boot.web.servlet.FilterRegistrationBean - Mapping filter: 'httpPutFormContentFilter' to: [/*]
2018-07-19 10:25:42.934 [localhost-startStop-1] [INFO ] o.s.boot.web.servlet.FilterRegistrationBean - Mapping filter: 'requestContextFilter' to: [/*]
2018-07-19 10:25:42.934 [localhost-startStop-1] [INFO ] o.s.boot.web.servlet.FilterRegistrationBean - Mapping filter: 'druidWebStatFilter' to urls: [/*]
2018-07-19 10:25:43.020 [restartedMain] [INFO ] o.s.web.servlet.handler.SimpleUrlHandlerMapping - Mapped URL path [/**/favicon.ico] onto handler of type [class org.springframework.web.servlet.resource.ResourceHttpRequestHandler]
2018-07-19 10:25:43.170 [restartedMain] [INFO ] o.s.w.s.m.m.a.RequestMappingHandlerAdapter - Looking for @ControllerAdvice: org.springframework.boot.web.servlet.context.AnnotationConfigServletWebServerApplicationContext@917a57d: startup date [Thu Jul 19 10:25:40 CST 2018]; root of context hierarchy
2018-07-19 10:25:43.220 [restartedMain] [INFO ] o.s.w.s.m.m.a.RequestMappingHandlerMapping - Mapped "{[/hello]}" onto public java.lang.String cn.cout.pure.sframe.controller.HelloController.hello()
2018-07-19 10:25:43.224 [restartedMain] [INFO ] o.s.w.s.m.m.a.RequestMappingHandlerMapping - Mapped "{[/error]}" onto public org.springframework.http.ResponseEntity<java.util.Map<java.lang.String, java.lang.Object>> org.springframework.boot.autoconfigure.web.servlet.error.BasicErrorController.error(javax.servlet.http.HttpServletRequest)
2018-07-19 10:25:43.224 [restartedMain] [INFO ] o.s.w.s.m.m.a.RequestMappingHandlerMapping - Mapped "{[/error],produces=[text/html]}" onto public org.springframework.web.servlet.ModelAndView org.springframework.boot.autoconfigure.web.servlet.error.BasicErrorController.errorHtml(javax.servlet.http.HttpServletRequest,javax.servlet.http.HttpServletResponse)
2018-07-19 10:25:43.245 [restartedMain] [INFO ] o.s.web.servlet.handler.SimpleUrlHandlerMapping - Mapped URL path [/webjars/**] onto handler of type [class org.springframework.web.servlet.resource.ResourceHttpRequestHandler]
2018-07-19 10:25:43.245 [restartedMain] [INFO ] o.s.web.servlet.handler.SimpleUrlHandlerMapping - Mapped URL path [/**] onto handler of type [class org.springframework.web.servlet.resource.ResourceHttpRequestHandler]
2018-07-19 10:25:43.360 [restartedMain] [INFO ] o.s.b.d.autoconfigure.OptionalLiveReloadServer - LiveReload server is running on port 35729
2018-07-19 10:25:43.378 [restartedMain] [INFO ] o.s.jmx.export.annotation.AnnotationMBeanExporter - Registering beans for JMX exposure on startup
2018-07-19 10:25:43.387 [restartedMain] [INFO ] org.apache.coyote.http11.Http11NioProtocol - Starting ProtocolHandler ["http-nio-8086"]
2018-07-19 10:25:43.394 [restartedMain] [INFO ] org.apache.tomcat.util.net.NioSelectorPool - Using a shared selector for servlet write/read
2018-07-19 10:25:43.404 [restartedMain] [INFO ] o.s.boot.web.embedded.tomcat.TomcatWebServer - Tomcat started on port(s): 8086 (http) with context path ''
2018-07-19 10:25:43.407 [restartedMain] [INFO ] cn.cout.pure.sframe.SframeApplication - Started SframeApplication in 2.844 seconds (JVM running for 3.636)
2018-07-19 10:26:57.239 [restartedMain] [INFO ] cn.cout.pure.sframe.SframeApplication - Starting SframeApplication on DESKTOP-MREN2FQ with PID 16808 (D:\test\java\sframe\target\classes started by EDZ in D:\test\java\sframe)
2018-07-19 10:26:57.241 [restartedMain] [INFO ] cn.cout.pure.sframe.SframeApplication - No active profile set, falling back to default profiles: default
2018-07-19 10:26:57.280 [restartedMain] [INFO ] o.s.b.w.s.c.AnnotationConfigServletWebServerApplicationContext - Refreshing org.springframework.boot.web.servlet.context.AnnotationConfigServletWebServerApplicationContext@66ff1347: startup date [Thu Jul 19 10:26:57 CST 2018]; root of context hierarchy
2018-07-19 10:26:58.123 [restartedMain] [INFO ] o.s.boot.web.embedded.tomcat.TomcatWebServer - Tomcat initialized with port(s): 8086 (http)
2018-07-19 10:26:58.135 [restartedMain] [INFO ] org.apache.coyote.http11.Http11NioProtocol - Initializing ProtocolHandler ["http-nio-8086"]
2018-07-19 10:26:58.141 [restartedMain] [INFO ] org.apache.catalina.core.StandardService - Starting service [Tomcat]
2018-07-19 10:26:58.141 [restartedMain] [INFO ] org.apache.catalina.core.StandardEngine - Starting Servlet Engine: Apache Tomcat/8.5.31
2018-07-19 10:26:58.143 [localhost-startStop-1] [INFO ] org.apache.catalina.core.AprLifecycleListener - Loaded APR based Apache Tomcat Native library [1.2.16] using APR version [1.6.3].
2018-07-19 10:26:58.144 [localhost-startStop-1] [INFO ] org.apache.catalina.core.AprLifecycleListener - APR capabilities: IPv6 [true], sendfile [true], accept filters [false], random [true].
2018-07-19 10:26:58.144 [localhost-startStop-1] [INFO ] org.apache.catalina.core.AprLifecycleListener - APR/OpenSSL configuration: useAprConnector [false], useOpenSSL [true]
2018-07-19 10:26:59.164 [localhost-startStop-1] [INFO ] org.apache.catalina.core.AprLifecycleListener - OpenSSL successfully initialized [OpenSSL 1.0.2m  2 Nov 2017]
2018-07-19 10:26:59.233 [localhost-startStop-1] [INFO ] o.a.c.core.ContainerBase.[Tomcat].[localhost].[/] - Initializing Spring embedded WebApplicationContext
2018-07-19 10:26:59.233 [localhost-startStop-1] [INFO ] org.springframework.web.context.ContextLoader - Root WebApplicationContext: initialization completed in 1953 ms
2018-07-19 10:26:59.349 [localhost-startStop-1] [INFO ] o.s.boot.web.servlet.ServletRegistrationBean - Servlet dispatcherServlet mapped to [/]
2018-07-19 10:26:59.350 [localhost-startStop-1] [INFO ] o.s.boot.web.servlet.ServletRegistrationBean - Servlet cn.cout.pure.sframe.interceptor.DruidStatViewServlet mapped to [/druid/*]
2018-07-19 10:26:59.352 [localhost-startStop-1] [INFO ] o.s.boot.web.servlet.FilterRegistrationBean - Mapping filter: 'characterEncodingFilter' to: [/*]
2018-07-19 10:26:59.352 [localhost-startStop-1] [INFO ] o.s.boot.web.servlet.FilterRegistrationBean - Mapping filter: 'hiddenHttpMethodFilter' to: [/*]
2018-07-19 10:26:59.352 [localhost-startStop-1] [INFO ] o.s.boot.web.servlet.FilterRegistrationBean - Mapping filter: 'httpPutFormContentFilter' to: [/*]
2018-07-19 10:26:59.352 [localhost-startStop-1] [INFO ] o.s.boot.web.servlet.FilterRegistrationBean - Mapping filter: 'requestContextFilter' to: [/*]
2018-07-19 10:26:59.352 [localhost-startStop-1] [INFO ] o.s.boot.web.servlet.FilterRegistrationBean - Mapping filter: 'druidWebStatFilter' to urls: [/*]
2018-07-19 10:26:59.445 [restartedMain] [INFO ] o.s.web.servlet.handler.SimpleUrlHandlerMapping - Mapped URL path [/**/favicon.ico] onto handler of type [class org.springframework.web.servlet.resource.ResourceHttpRequestHandler]
2018-07-19 10:26:59.598 [restartedMain] [INFO ] o.s.w.s.m.m.a.RequestMappingHandlerAdapter - Looking for @ControllerAdvice: org.springframework.boot.web.servlet.context.AnnotationConfigServletWebServerApplicationContext@66ff1347: startup date [Thu Jul 19 10:26:57 CST 2018]; root of context hierarchy
2018-07-19 10:26:59.649 [restartedMain] [INFO ] o.s.w.s.m.m.a.RequestMappingHandlerMapping - Mapped "{[/hello]}" onto public java.lang.String cn.cout.pure.sframe.controller.HelloController.hello()
2018-07-19 10:26:59.653 [restartedMain] [INFO ] o.s.w.s.m.m.a.RequestMappingHandlerMapping - Mapped "{[/error]}" onto public org.springframework.http.ResponseEntity<java.util.Map<java.lang.String, java.lang.Object>> org.springframework.boot.autoconfigure.web.servlet.error.BasicErrorController.error(javax.servlet.http.HttpServletRequest)
2018-07-19 10:26:59.653 [restartedMain] [INFO ] o.s.w.s.m.m.a.RequestMappingHandlerMapping - Mapped "{[/error],produces=[text/html]}" onto public org.springframework.web.servlet.ModelAndView org.springframework.boot.autoconfigure.web.servlet.error.BasicErrorController.errorHtml(javax.servlet.http.HttpServletRequest,javax.servlet.http.HttpServletResponse)
2018-07-19 10:26:59.673 [restartedMain] [INFO ] o.s.web.servlet.handler.SimpleUrlHandlerMapping - Mapped URL path [/webjars/**] onto handler of type [class org.springframework.web.servlet.resource.ResourceHttpRequestHandler]
2018-07-19 10:26:59.673 [restartedMain] [INFO ] o.s.web.servlet.handler.SimpleUrlHandlerMapping - Mapped URL path [/**] onto handler of type [class org.springframework.web.servlet.resource.ResourceHttpRequestHandler]
2018-07-19 10:26:59.791 [restartedMain] [INFO ] o.s.b.d.autoconfigure.OptionalLiveReloadServer - LiveReload server is running on port 35729
2018-07-19 10:26:59.810 [restartedMain] [INFO ] o.s.jmx.export.annotation.AnnotationMBeanExporter - Registering beans for JMX exposure on startup
2018-07-19 10:26:59.820 [restartedMain] [INFO ] org.apache.coyote.http11.Http11NioProtocol - Starting ProtocolHandler ["http-nio-8086"]
2018-07-19 10:26:59.827 [restartedMain] [INFO ] org.apache.tomcat.util.net.NioSelectorPool - Using a shared selector for servlet write/read
2018-07-19 10:26:59.837 [restartedMain] [INFO ] o.s.boot.web.embedded.tomcat.TomcatWebServer - Tomcat started on port(s): 8086 (http) with context path ''
2018-07-19 10:26:59.840 [restartedMain] [INFO ] cn.cout.pure.sframe.SframeApplication - Started SframeApplication in 2.848 seconds (JVM running for 3.678)
2018-07-19 14:08:23.710 [restartedMain] [INFO ] cn.cout.pure.sframe.SframeApplication - Starting SframeApplication on DESKTOP-MREN2FQ with PID 11592 (D:\test\java\sframe\target\classes started by EDZ in D:\test\java\sframe)
2018-07-19 14:08:23.712 [restartedMain] [INFO ] cn.cout.pure.sframe.SframeApplication - No active profile set, falling back to default profiles: default
2018-07-19 14:08:23.754 [restartedMain] [INFO ] o.s.b.w.s.c.AnnotationConfigServletWebServerApplicationContext - Refreshing org.springframework.boot.web.servlet.context.AnnotationConfigServletWebServerApplicationContext@33a90041: startup date [Thu Jul 19 14:08:23 CST 2018]; root of context hierarchy
2018-07-19 14:08:24.801 [restartedMain] [INFO ] o.s.boot.web.embedded.tomcat.TomcatWebServer - Tomcat initialized with port(s): 8086 (http)
2018-07-19 14:08:24.813 [restartedMain] [INFO ] org.apache.coyote.http11.Http11NioProtocol - Initializing ProtocolHandler ["http-nio-8086"]
2018-07-19 14:08:24.820 [restartedMain] [INFO ] org.apache.catalina.core.StandardService - Starting service [Tomcat]
2018-07-19 14:08:24.820 [restartedMain] [INFO ] org.apache.catalina.core.StandardEngine - Starting Servlet Engine: Apache Tomcat/8.5.31
2018-07-19 14:08:24.823 [localhost-startStop-1] [INFO ] org.apache.catalina.core.AprLifecycleListener - Loaded APR based Apache Tomcat Native library [1.2.16] using APR version [1.6.3].
2018-07-19 14:08:24.823 [localhost-startStop-1] [INFO ] org.apache.catalina.core.AprLifecycleListener - APR capabilities: IPv6 [true], sendfile [true], accept filters [false], random [true].
2018-07-19 14:08:24.823 [localhost-startStop-1] [INFO ] org.apache.catalina.core.AprLifecycleListener - APR/OpenSSL configuration: useAprConnector [false], useOpenSSL [true]
2018-07-19 14:08:25.852 [localhost-startStop-1] [INFO ] org.apache.catalina.core.AprLifecycleListener - OpenSSL successfully initialized [OpenSSL 1.0.2m  2 Nov 2017]
2018-07-19 14:08:25.918 [localhost-startStop-1] [INFO ] o.a.c.core.ContainerBase.[Tomcat].[localhost].[/] - Initializing Spring embedded WebApplicationContext
2018-07-19 14:08:25.918 [localhost-startStop-1] [INFO ] org.springframework.web.context.ContextLoader - Root WebApplicationContext: initialization completed in 2164 ms
2018-07-19 14:08:26.060 [localhost-startStop-1] [INFO ] o.s.boot.web.servlet.ServletRegistrationBean - Servlet dispatcherServlet mapped to [/]
2018-07-19 14:08:26.062 [localhost-startStop-1] [INFO ] o.s.boot.web.servlet.ServletRegistrationBean - Servlet cn.cout.pure.sframe.interceptor.DruidStatViewServlet mapped to [/druid/*]
2018-07-19 14:08:26.064 [localhost-startStop-1] [INFO ] o.s.boot.web.servlet.FilterRegistrationBean - Mapping filter: 'characterEncodingFilter' to: [/*]
2018-07-19 14:08:26.065 [localhost-startStop-1] [INFO ] o.s.boot.web.servlet.FilterRegistrationBean - Mapping filter: 'hiddenHttpMethodFilter' to: [/*]
2018-07-19 14:08:26.065 [localhost-startStop-1] [INFO ] o.s.boot.web.servlet.FilterRegistrationBean - Mapping filter: 'httpPutFormContentFilter' to: [/*]
2018-07-19 14:08:26.065 [localhost-startStop-1] [INFO ] o.s.boot.web.servlet.FilterRegistrationBean - Mapping filter: 'requestContextFilter' to: [/*]
2018-07-19 14:08:26.065 [localhost-startStop-1] [INFO ] o.s.boot.web.servlet.FilterRegistrationBean - Mapping filter: 'druidWebStatFilter' to urls: [/*]
2018-07-19 14:08:26.211 [restartedMain] [INFO ] o.s.web.servlet.handler.SimpleUrlHandlerMapping - Mapped URL path [/**/favicon.ico] onto handler of type [class org.springframework.web.servlet.resource.ResourceHttpRequestHandler]
2018-07-19 14:08:26.428 [restartedMain] [INFO ] o.s.w.s.m.m.a.RequestMappingHandlerAdapter - Looking for @ControllerAdvice: org.springframework.boot.web.servlet.context.AnnotationConfigServletWebServerApplicationContext@33a90041: startup date [Thu Jul 19 14:08:23 CST 2018]; root of context hierarchy
2018-07-19 14:08:26.470 [restartedMain] [INFO ] o.s.w.s.m.m.a.RequestMappingHandlerMapping - Mapped "{[/hello]}" onto public java.lang.String cn.cout.pure.sframe.controller.HelloController.hello()
2018-07-19 14:08:26.472 [restartedMain] [INFO ] o.s.w.s.m.m.a.RequestMappingHandlerMapping - Mapped "{[/{name}/]}" onto public java.lang.String cn.cout.pure.sframe.controller.HelloController.sayHi(java.lang.String,java.lang.String)
2018-07-19 14:08:26.474 [restartedMain] [INFO ] o.s.w.s.m.m.a.RequestMappingHandlerMapping - Mapped "{[/error]}" onto public org.springframework.http.ResponseEntity<java.util.Map<java.lang.String, java.lang.Object>> org.springframework.boot.autoconfigure.web.servlet.error.BasicErrorController.error(javax.servlet.http.HttpServletRequest)
2018-07-19 14:08:26.474 [restartedMain] [INFO ] o.s.w.s.m.m.a.RequestMappingHandlerMapping - Mapped "{[/error],produces=[text/html]}" onto public org.springframework.web.servlet.ModelAndView org.springframework.boot.autoconfigure.web.servlet.error.BasicErrorController.errorHtml(javax.servlet.http.HttpServletRequest,javax.servlet.http.HttpServletResponse)
2018-07-19 14:08:26.561 [restartedMain] [INFO ] o.s.web.servlet.handler.SimpleUrlHandlerMapping - Mapped URL path [/webjars/**] onto handler of type [class org.springframework.web.servlet.resource.ResourceHttpRequestHandler]
2018-07-19 14:08:26.561 [restartedMain] [INFO ] o.s.web.servlet.handler.SimpleUrlHandlerMapping - Mapped URL path [/**] onto handler of type [class org.springframework.web.servlet.resource.ResourceHttpRequestHandler]
2018-07-19 14:08:26.719 [restartedMain] [INFO ] o.s.b.d.autoconfigure.OptionalLiveReloadServer - LiveReload server is running on port 35729
2018-07-19 14:08:26.739 [restartedMain] [INFO ] o.s.jmx.export.annotation.AnnotationMBeanExporter - Registering beans for JMX exposure on startup
2018-07-19 14:08:26.748 [restartedMain] [INFO ] org.apache.coyote.http11.Http11NioProtocol - Starting ProtocolHandler ["http-nio-8086"]
2018-07-19 14:08:26.756 [restartedMain] [INFO ] org.apache.tomcat.util.net.NioSelectorPool - Using a shared selector for servlet write/read
2018-07-19 14:08:26.765 [restartedMain] [INFO ] o.s.boot.web.embedded.tomcat.TomcatWebServer - Tomcat started on port(s): 8086 (http) with context path ''
2018-07-19 14:08:26.769 [restartedMain] [INFO ] cn.cout.pure.sframe.SframeApplication - Started SframeApplication in 3.31 seconds (JVM running for 4.157)
2018-07-19 14:09:09.366 [http-nio-8086-exec-1] [INFO ] o.a.c.core.ContainerBase.[Tomcat].[localhost].[/] - Initializing Spring FrameworkServlet 'dispatcherServlet'
2018-07-19 14:09:09.367 [http-nio-8086-exec-1] [INFO ] org.springframework.web.servlet.DispatcherServlet - FrameworkServlet 'dispatcherServlet': initialization started
2018-07-19 14:09:09.385 [http-nio-8086-exec-1] [INFO ] org.springframework.web.servlet.DispatcherServlet - FrameworkServlet 'dispatcherServlet': initialization completed in 18 ms
2018-07-19 14:09:09.411 [http-nio-8086-exec-1] [INFO ] cn.cout.pure.sframe.aspect.WeblogAspect - url: http://localhost:8086/hello uri:/hello method:GET ip:0:0:0:0:0:0:0:1 host:0:0:0:0:0:0:0:1 class_method :cn.cout.pure.sframe.controller.HelloController.hello args[]
2018-07-19 14:09:09.413 [http-nio-8086-exec-1] [INFO ] cn.cout.pure.sframe.controller.HelloController - 2222
2018-07-19 14:09:09.413 [http-nio-8086-exec-1] [INFO ] cn.cout.pure.sframe.aspect.WeblogAspect - response: 2222
2018-07-19 14:10:34.337 [restartedMain] [INFO ] cn.cout.pure.sframe.SframeApplication - Starting SframeApplication on DESKTOP-MREN2FQ with PID 4560 (D:\test\java\sframe\target\classes started by EDZ in D:\test\java\sframe)
2018-07-19 14:10:34.339 [restartedMain] [INFO ] cn.cout.pure.sframe.SframeApplication - No active profile set, falling back to default profiles: default
2018-07-19 14:10:34.377 [restartedMain] [INFO ] o.s.b.w.s.c.AnnotationConfigServletWebServerApplicationContext - Refreshing org.springframework.boot.web.servlet.context.AnnotationConfigServletWebServerApplicationContext@10813a0e: startup date [Thu Jul 19 14:10:34 CST 2018]; root of context hierarchy
2018-07-19 14:10:35.353 [restartedMain] [INFO ] o.s.boot.web.embedded.tomcat.TomcatWebServer - Tomcat initialized with port(s): 8086 (http)
2018-07-19 14:10:35.367 [restartedMain] [INFO ] org.apache.coyote.http11.Http11NioProtocol - Initializing ProtocolHandler ["http-nio-8086"]
2018-07-19 14:10:35.374 [restartedMain] [INFO ] org.apache.catalina.core.StandardService - Starting service [Tomcat]
2018-07-19 14:10:35.375 [restartedMain] [INFO ] org.apache.catalina.core.StandardEngine - Starting Servlet Engine: Apache Tomcat/8.5.31
2018-07-19 14:10:35.378 [localhost-startStop-1] [INFO ] org.apache.catalina.core.AprLifecycleListener - Loaded APR based Apache Tomcat Native library [1.2.16] using APR version [1.6.3].
2018-07-19 14:10:35.378 [localhost-startStop-1] [INFO ] org.apache.catalina.core.AprLifecycleListener - APR capabilities: IPv6 [true], sendfile [true], accept filters [false], random [true].
2018-07-19 14:10:35.378 [localhost-startStop-1] [INFO ] org.apache.catalina.core.AprLifecycleListener - APR/OpenSSL configuration: useAprConnector [false], useOpenSSL [true]
2018-07-19 14:10:36.402 [localhost-startStop-1] [INFO ] org.apache.catalina.core.AprLifecycleListener - OpenSSL successfully initialized [OpenSSL 1.0.2m  2 Nov 2017]
2018-07-19 14:10:36.460 [localhost-startStop-1] [INFO ] o.a.c.core.ContainerBase.[Tomcat].[localhost].[/] - Initializing Spring embedded WebApplicationContext
2018-07-19 14:10:36.460 [localhost-startStop-1] [INFO ] org.springframework.web.context.ContextLoader - Root WebApplicationContext: initialization completed in 2083 ms
2018-07-19 14:10:36.601 [localhost-startStop-1] [INFO ] o.s.boot.web.servlet.ServletRegistrationBean - Servlet dispatcherServlet mapped to [/]
2018-07-19 14:10:36.602 [localhost-startStop-1] [INFO ] o.s.boot.web.servlet.ServletRegistrationBean - Servlet cn.cout.pure.sframe.interceptor.DruidStatViewServlet mapped to [/druid/*]
2018-07-19 14:10:36.604 [localhost-startStop-1] [INFO ] o.s.boot.web.servlet.FilterRegistrationBean - Mapping filter: 'characterEncodingFilter' to: [/*]
2018-07-19 14:10:36.604 [localhost-startStop-1] [INFO ] o.s.boot.web.servlet.FilterRegistrationBean - Mapping filter: 'hiddenHttpMethodFilter' to: [/*]
2018-07-19 14:10:36.604 [localhost-startStop-1] [INFO ] o.s.boot.web.servlet.FilterRegistrationBean - Mapping filter: 'httpPutFormContentFilter' to: [/*]
2018-07-19 14:10:36.604 [localhost-startStop-1] [INFO ] o.s.boot.web.servlet.FilterRegistrationBean - Mapping filter: 'requestContextFilter' to: [/*]
2018-07-19 14:10:36.604 [localhost-startStop-1] [INFO ] o.s.boot.web.servlet.FilterRegistrationBean - Mapping filter: 'druidWebStatFilter' to urls: [/*]
2018-07-19 14:10:36.735 [restartedMain] [INFO ] o.s.web.servlet.handler.SimpleUrlHandlerMapping - Mapped URL path [/**/favicon.ico] onto handler of type [class org.springframework.web.servlet.resource.ResourceHttpRequestHandler]
2018-07-19 14:10:36.944 [restartedMain] [INFO ] o.s.w.s.m.m.a.RequestMappingHandlerAdapter - Looking for @ControllerAdvice: org.springframework.boot.web.servlet.context.AnnotationConfigServletWebServerApplicationContext@10813a0e: startup date [Thu Jul 19 14:10:34 CST 2018]; root of context hierarchy
2018-07-19 14:10:36.986 [restartedMain] [INFO ] o.s.w.s.m.m.a.RequestMappingHandlerMapping - Mapped "{[/hello]}" onto public java.lang.String cn.cout.pure.sframe.controller.HelloController.hello()
2018-07-19 14:10:36.988 [restartedMain] [INFO ] o.s.w.s.m.m.a.RequestMappingHandlerMapping - Mapped "{[/{name}]}" onto public java.lang.String cn.cout.pure.sframe.controller.HelloController.sayHi(java.lang.String,java.lang.String)
2018-07-19 14:10:36.990 [restartedMain] [INFO ] o.s.w.s.m.m.a.RequestMappingHandlerMapping - Mapped "{[/error]}" onto public org.springframework.http.ResponseEntity<java.util.Map<java.lang.String, java.lang.Object>> org.springframework.boot.autoconfigure.web.servlet.error.BasicErrorController.error(javax.servlet.http.HttpServletRequest)
2018-07-19 14:10:36.990 [restartedMain] [INFO ] o.s.w.s.m.m.a.RequestMappingHandlerMapping - Mapped "{[/error],produces=[text/html]}" onto public org.springframework.web.servlet.ModelAndView org.springframework.boot.autoconfigure.web.servlet.error.BasicErrorController.errorHtml(javax.servlet.http.HttpServletRequest,javax.servlet.http.HttpServletResponse)
2018-07-19 14:10:37.078 [restartedMain] [INFO ] o.s.web.servlet.handler.SimpleUrlHandlerMapping - Mapped URL path [/webjars/**] onto handler of type [class org.springframework.web.servlet.resource.ResourceHttpRequestHandler]
2018-07-19 14:10:37.078 [restartedMain] [INFO ] o.s.web.servlet.handler.SimpleUrlHandlerMapping - Mapped URL path [/**] onto handler of type [class org.springframework.web.servlet.resource.ResourceHttpRequestHandler]
2018-07-19 14:10:37.238 [restartedMain] [INFO ] o.s.b.d.autoconfigure.OptionalLiveReloadServer - LiveReload server is running on port 35729
2018-07-19 14:10:37.259 [restartedMain] [INFO ] o.s.jmx.export.annotation.AnnotationMBeanExporter - Registering beans for JMX exposure on startup
2018-07-19 14:10:37.269 [restartedMain] [INFO ] org.apache.coyote.http11.Http11NioProtocol - Starting ProtocolHandler ["http-nio-8086"]
2018-07-19 14:10:37.276 [restartedMain] [INFO ] org.apache.tomcat.util.net.NioSelectorPool - Using a shared selector for servlet write/read
2018-07-19 14:10:37.287 [restartedMain] [INFO ] o.s.boot.web.embedded.tomcat.TomcatWebServer - Tomcat started on port(s): 8086 (http) with context path ''
2018-07-19 14:10:37.290 [restartedMain] [INFO ] cn.cout.pure.sframe.SframeApplication - Started SframeApplication in 3.19 seconds (JVM running for 3.983)
2018-07-19 14:11:01.638 [http-nio-8086-exec-1] [INFO ] o.a.c.core.ContainerBase.[Tomcat].[localhost].[/] - Initializing Spring FrameworkServlet 'dispatcherServlet'
2018-07-19 14:11:01.638 [http-nio-8086-exec-1] [INFO ] org.springframework.web.servlet.DispatcherServlet - FrameworkServlet 'dispatcherServlet': initialization started
2018-07-19 14:11:01.654 [http-nio-8086-exec-1] [INFO ] org.springframework.web.servlet.DispatcherServlet - FrameworkServlet 'dispatcherServlet': initialization completed in 16 ms
2018-07-19 14:11:01.683 [http-nio-8086-exec-1] [INFO ] cn.cout.pure.sframe.aspect.WeblogAspect - url: http://127.0.0.1:8086/tangjie uri:/tangjie method:GET ip:127.0.0.1 host:127.0.0.1 class_method :cn.cout.pure.sframe.controller.HelloController.sayHi args[tangjie, 18]
2018-07-19 14:11:01.685 [http-nio-8086-exec-1] [INFO ] cn.cout.pure.sframe.aspect.WeblogAspect - response: hi tangjie age is 18
2018-07-19 14:12:37.116 [http-nio-8086-exec-4] [INFO ] cn.cout.pure.sframe.aspect.WeblogAspect - url: http://127.0.0.1:8086/tangjie uri:/tangjie method:GET ip:127.0.0.1 host:127.0.0.1 class_method :cn.cout.pure.sframe.controller.HelloController.sayHi args[tangjie, 18]
2018-07-19 14:12:37.118 [http-nio-8086-exec-4] [INFO ] cn.cout.pure.sframe.aspect.WeblogAspect - response: hi tangjie age is 18
2018-07-19 14:13:05.433 [http-nio-8086-exec-9] [INFO ] cn.cout.pure.sframe.aspect.WeblogAspect - url: http://localhost:8086/tangjie uri:/tangjie method:GET ip:0:0:0:0:0:0:0:1 host:0:0:0:0:0:0:0:1 class_method :cn.cout.pure.sframe.controller.HelloController.sayHi args[tangjie, 18]
2018-07-19 14:13:05.433 [http-nio-8086-exec-9] [INFO ] cn.cout.pure.sframe.aspect.WeblogAspect - response: hi tangjie age is 18
2018-07-19 14:25:51.851 [restartedMain] [INFO ] cn.cout.pure.sframe.SframeApplication - Starting SframeApplication on DESKTOP-MREN2FQ with PID 12748 (D:\test\java\sframe\target\classes started by EDZ in D:\test\java\sframe)
2018-07-19 14:25:51.853 [restartedMain] [INFO ] cn.cout.pure.sframe.SframeApplication - No active profile set, falling back to default profiles: default
2018-07-19 14:25:51.885 [restartedMain] [INFO ] o.s.b.w.s.c.AnnotationConfigServletWebServerApplicationContext - Refreshing org.springframework.boot.web.servlet.context.AnnotationConfigServletWebServerApplicationContext@1eba5048: startup date [Thu Jul 19 14:25:51 CST 2018]; root of context hierarchy
2018-07-19 14:25:53.004 [restartedMain] [INFO ] o.s.boot.web.embedded.tomcat.TomcatWebServer - Tomcat initialized with port(s): 8086 (http)
2018-07-19 14:25:53.017 [restartedMain] [INFO ] org.apache.coyote.http11.Http11NioProtocol - Initializing ProtocolHandler ["http-nio-8086"]
2018-07-19 14:25:53.025 [restartedMain] [INFO ] org.apache.catalina.core.StandardService - Starting service [Tomcat]
2018-07-19 14:25:53.025 [restartedMain] [INFO ] org.apache.catalina.core.StandardEngine - Starting Servlet Engine: Apache Tomcat/8.5.31
2018-07-19 14:25:53.028 [localhost-startStop-1] [INFO ] org.apache.catalina.core.AprLifecycleListener - Loaded APR based Apache Tomcat Native library [1.2.16] using APR version [1.6.3].
2018-07-19 14:25:53.028 [localhost-startStop-1] [INFO ] org.apache.catalina.core.AprLifecycleListener - APR capabilities: IPv6 [true], sendfile [true], accept filters [false], random [true].
2018-07-19 14:25:53.028 [localhost-startStop-1] [INFO ] org.apache.catalina.core.AprLifecycleListener - APR/OpenSSL configuration: useAprConnector [false], useOpenSSL [true]
2018-07-19 14:25:54.065 [localhost-startStop-1] [INFO ] org.apache.catalina.core.AprLifecycleListener - OpenSSL successfully initialized [OpenSSL 1.0.2m  2 Nov 2017]
2018-07-19 14:25:54.127 [localhost-startStop-1] [INFO ] o.a.c.core.ContainerBase.[Tomcat].[localhost].[/] - Initializing Spring embedded WebApplicationContext
2018-07-19 14:25:54.127 [localhost-startStop-1] [INFO ] org.springframework.web.context.ContextLoader - Root WebApplicationContext: initialization completed in 2243 ms
2018-07-19 14:25:54.270 [localhost-startStop-1] [INFO ] o.s.boot.web.servlet.ServletRegistrationBean - Servlet dispatcherServlet mapped to [/]
2018-07-19 14:25:54.271 [localhost-startStop-1] [INFO ] o.s.boot.web.servlet.ServletRegistrationBean - Servlet cn.cout.pure.sframe.interceptor.DruidStatViewServlet mapped to [/druid/*]
2018-07-19 14:25:54.273 [localhost-startStop-1] [INFO ] o.s.boot.web.servlet.FilterRegistrationBean - Mapping filter: 'characterEncodingFilter' to: [/*]
2018-07-19 14:25:54.274 [localhost-startStop-1] [INFO ] o.s.boot.web.servlet.FilterRegistrationBean - Mapping filter: 'hiddenHttpMethodFilter' to: [/*]
2018-07-19 14:25:54.274 [localhost-startStop-1] [INFO ] o.s.boot.web.servlet.FilterRegistrationBean - Mapping filter: 'httpPutFormContentFilter' to: [/*]
2018-07-19 14:25:54.274 [localhost-startStop-1] [INFO ] o.s.boot.web.servlet.FilterRegistrationBean - Mapping filter: 'requestContextFilter' to: [/*]
2018-07-19 14:25:54.274 [localhost-startStop-1] [INFO ] o.s.boot.web.servlet.FilterRegistrationBean - Mapping filter: 'druidWebStatFilter' to urls: [/*]
2018-07-19 14:25:54.402 [restartedMain] [INFO ] o.s.web.servlet.handler.SimpleUrlHandlerMapping - Mapped URL path [/**/favicon.ico] onto handler of type [class org.springframework.web.servlet.resource.ResourceHttpRequestHandler]
2018-07-19 14:25:54.613 [restartedMain] [INFO ] o.s.w.s.m.m.a.RequestMappingHandlerAdapter - Looking for @ControllerAdvice: org.springframework.boot.web.servlet.context.AnnotationConfigServletWebServerApplicationContext@1eba5048: startup date [Thu Jul 19 14:25:51 CST 2018]; root of context hierarchy
2018-07-19 14:25:54.663 [restartedMain] [INFO ] o.s.w.s.m.m.a.RequestMappingHandlerMapping - Mapped "{[/hello]}" onto public java.lang.String cn.cout.pure.sframe.controller.HelloController.hello()
2018-07-19 14:25:54.664 [restartedMain] [INFO ] o.s.w.s.m.m.a.RequestMappingHandlerMapping - Mapped "{[/{name}]}" onto public java.lang.String cn.cout.pure.sframe.controller.HelloController.sayHi(java.lang.String,java.lang.String)
2018-07-19 14:25:54.667 [restartedMain] [INFO ] o.s.w.s.m.m.a.RequestMappingHandlerMapping - Mapped "{[/error]}" onto public org.springframework.http.ResponseEntity<java.util.Map<java.lang.String, java.lang.Object>> org.springframework.boot.autoconfigure.web.servlet.error.BasicErrorController.error(javax.servlet.http.HttpServletRequest)
2018-07-19 14:25:54.667 [restartedMain] [INFO ] o.s.w.s.m.m.a.RequestMappingHandlerMapping - Mapped "{[/error],produces=[text/html]}" onto public org.springframework.web.servlet.ModelAndView org.springframework.boot.autoconfigure.web.servlet.error.BasicErrorController.errorHtml(javax.servlet.http.HttpServletRequest,javax.servlet.http.HttpServletResponse)
2018-07-19 14:25:54.773 [restartedMain] [INFO ] o.s.web.servlet.handler.SimpleUrlHandlerMapping - Mapped URL path [/webjars/**] onto handler of type [class org.springframework.web.servlet.resource.ResourceHttpRequestHandler]
2018-07-19 14:25:54.774 [restartedMain] [INFO ] o.s.web.servlet.handler.SimpleUrlHandlerMapping - Mapped URL path [/**] onto handler of type [class org.springframework.web.servlet.resource.ResourceHttpRequestHandler]
2018-07-19 14:25:54.935 [restartedMain] [INFO ] o.s.b.d.autoconfigure.OptionalLiveReloadServer - LiveReload server is running on port 35729
2018-07-19 14:25:54.959 [restartedMain] [INFO ] o.s.jmx.export.annotation.AnnotationMBeanExporter - Registering beans for JMX exposure on startup
2018-07-19 14:25:54.971 [restartedMain] [INFO ] org.apache.coyote.http11.Http11NioProtocol - Starting ProtocolHandler ["http-nio-8086"]
2018-07-19 14:25:54.977 [restartedMain] [INFO ] org.apache.tomcat.util.net.NioSelectorPool - Using a shared selector for servlet write/read
2018-07-19 14:25:54.987 [restartedMain] [INFO ] o.s.boot.web.embedded.tomcat.TomcatWebServer - Tomcat started on port(s): 8086 (http) with context path ''
2018-07-19 14:25:54.991 [restartedMain] [INFO ] cn.cout.pure.sframe.SframeApplication - Started SframeApplication in 3.392 seconds (JVM running for 4.23)
2018-07-19 14:25:59.369 [http-nio-8086-exec-1] [INFO ] o.a.c.core.ContainerBase.[Tomcat].[localhost].[/] - Initializing Spring FrameworkServlet 'dispatcherServlet'
2018-07-19 14:25:59.370 [http-nio-8086-exec-1] [INFO ] org.springframework.web.servlet.DispatcherServlet - FrameworkServlet 'dispatcherServlet': initialization started
2018-07-19 14:25:59.388 [http-nio-8086-exec-1] [INFO ] org.springframework.web.servlet.DispatcherServlet - FrameworkServlet 'dispatcherServlet': initialization completed in 18 ms
2018-07-19 14:25:59.417 [http-nio-8086-exec-1] [INFO ] cn.cout.pure.sframe.aspect.WeblogAspect - url: http://localhost:8086/tangjie uri:/tangjie method:GET ip:0:0:0:0:0:0:0:1 host:0:0:0:0:0:0:0:1 class_method :cn.cout.pure.sframe.controller.HelloController.sayHi args[tangjie, 18]
2018-07-19 14:25:59.419 [http-nio-8086-exec-1] [INFO ] cn.cout.pure.sframe.aspect.WeblogAspect - response: hi tangjie age is 18 used :4
2018-07-19 14:26:15.372 [http-nio-8086-exec-3] [INFO ] cn.cout.pure.sframe.aspect.WeblogAspect - url: http://localhost:8086/hello uri:/hello method:GET ip:0:0:0:0:0:0:0:1 host:0:0:0:0:0:0:0:1 class_method :cn.cout.pure.sframe.controller.HelloController.hello args[]
2018-07-19 14:26:15.372 [http-nio-8086-exec-3] [INFO ] cn.cout.pure.sframe.controller.HelloController - 2222
2018-07-19 14:26:15.372 [http-nio-8086-exec-3] [INFO ] cn.cout.pure.sframe.aspect.WeblogAspect - response: 2222 used :0
2018-07-19 14:26:23.487 [http-nio-8086-exec-4] [INFO ] cn.cout.pure.sframe.aspect.WeblogAspect - url: http://127.0.0.1:8086/tangjie uri:/tangjie method:GET ip:127.0.0.1 host:127.0.0.1 class_method :cn.cout.pure.sframe.controller.HelloController.sayHi args[tangjie, 18]
2018-07-19 14:26:23.487 [http-nio-8086-exec-4] [INFO ] cn.cout.pure.sframe.aspect.WeblogAspect - response: hi tangjie age is 18 used :0
2018-07-19 14:26:36.329 [http-nio-8086-exec-7] [INFO ] cn.cout.pure.sframe.aspect.WeblogAspect - url: http://localhost:8086/tangjie uri:/tangjie method:GET ip:0:0:0:0:0:0:0:1 host:0:0:0:0:0:0:0:1 class_method :cn.cout.pure.sframe.controller.HelloController.sayHi args[tangjie, 18]
2018-07-19 14:26:36.329 [http-nio-8086-exec-7] [INFO ] cn.cout.pure.sframe.aspect.WeblogAspect - response: hi tangjie age is 18 used :0
2018-07-19 14:26:45.909 [http-nio-8086-exec-8] [INFO ] cn.cout.pure.sframe.aspect.WeblogAspect - url: http://localhost:8086/tangjie uri:/tangjie method:GET ip:0:0:0:0:0:0:0:1 host:0:0:0:0:0:0:0:1 class_method :cn.cout.pure.sframe.controller.HelloController.sayHi args[tangjie, 18]
2018-07-19 14:26:45.909 [http-nio-8086-exec-8] [INFO ] cn.cout.pure.sframe.aspect.WeblogAspect - response: hi tangjie age is 18 used :0
